<?xml version="1.0" encoding="UTF-8"?>
<!-- Generated by org.testng.reporters.JUnitReportReporter -->
<testsuite hostname="SPICITY440" name="Community.componentsDevelopment" tests="2" failures="0" timestamp="5 Jun 2018 08:42:47 GMT" time="18.940" errors="0">
  <testcase name="keywordTest" time="1.579" classname="Community.componentsDevelopment"/>
  <testcase name="FindControls" time="17.361" classname="Community.componentsDevelopment"/>
</testsuite> <!-- Community.componentsDevelopment -->
